<?xml version="1.0" encoding="UTF-8"?>
<testsuite xmlns:xsi="http://www.w3.org/2001/XMLSchema-instance" xsi:noNamespaceSchemaLocation="https://maven.apache.org/surefire/maven-surefire-plugin/xsd/surefire-test-report.xsd" name="edu.bsuir.test.candidate.TextFieldTest" time="1,437.828" tests="28" errors="1" skipped="0" failures="6">
  <properties>
    <property name="idea.version" value="2016.3.4"/>
    <property name="java.runtime.name" value="Java(TM) SE Runtime Environment"/>
    <property name="sun.boot.library.path" value="C:\Program Files (x86)\Java\jdk1.8.0_20\jre\bin"/>
    <property name="java.vm.version" value="25.20-b23"/>
    <property name="java.vm.vendor" value="Oracle Corporation"/>
    <property name="maven.multiModuleProjectDirectory" value="D:\IBA\IBA_testing_TalentConstructor\SeleniumExample-master"/>
    <property name="java.vendor.url" value="http://java.oracle.com/"/>
    <property name="path.separator" value=";"/>
    <property name="guice.disable.misplaced.annotation.check" value="true"/>
    <property name="java.vm.name" value="Java HotSpot(TM) Client VM"/>
    <property name="file.encoding.pkg" value="sun.io"/>
    <property name="idea.launcher.port" value="7533"/>
    <property name="user.script" value=""/>
    <property name="user.country" value="RU"/>
    <property name="sun.java.launcher" value="SUN_STANDARD"/>
    <property name="sun.os.patch.level" value=""/>
    <property name="java.vm.specification.name" value="Java Virtual Machine Specification"/>
    <property name="user.dir" value="D:\IBA\IBA_testing_TalentConstructor\SeleniumExample-master"/>
    <property name="java.runtime.version" value="1.8.0_20-b26"/>
    <property name="java.awt.graphicsenv" value="sun.awt.Win32GraphicsEnvironment"/>
    <property name="java.endorsed.dirs" value="C:\Program Files (x86)\Java\jdk1.8.0_20\jre\lib\endorsed"/>
    <property name="os.arch" value="x86"/>
    <property name="java.io.tmpdir" value="C:\Users\0737~1\AppData\Local\Temp\"/>
    <property name="line.separator" value="&#10;"/>
    <property name="java.vm.specification.vendor" value="Oracle Corporation"/>
    <property name="user.variant" value=""/>
    <property name="os.name" value="Windows 8.1"/>
    <property name="classworlds.conf" value="C:\Program Files (x86)\JetBrains\IntelliJ IDEA 2016.3.4\plugins\maven\lib\maven3\bin\m2.conf"/>
    <property name="sun.jnu.encoding" value="Cp1251"/>
    <property name="java.library.path" value="C:\Program Files (x86)\Java\jdk1.8.0_20\bin;C:\Windows\Sun\Java\bin;C:\Windows\system32;C:\Windows;C:\ProgramData\Oracle\Java\javapath;C:\Program Files (x86)\Java\jdk1.8.0_20\bin;C:\Program Files (x86)\Microsoft SQL Server\100\Tools\Binn\;C:\Program Files\Microsoft SQL Server\100\Tools\Binn\;C:\Program Files\Microsoft SQL Server\100\DTS\Binn\;C:\Program Files\Git\cmd;C:\Users\Аня\AppData\Local\Programs\Python\Python36-32;C:\Users\Аня\Documents\apache-maven-3.5.0\bin;."/>
    <property name="java.specification.name" value="Java Platform API Specification"/>
    <property name="java.class.version" value="52.0"/>
    <property name="sun.management.compiler" value="HotSpot Client Compiler"/>
    <property name="os.version" value="6.3"/>
    <property name="user.home" value="C:\Users\Аня"/>
    <property name="user.timezone" value="America/Bahia"/>
    <property name="java.awt.printerjob" value="sun.awt.windows.WPrinterJob"/>
    <property name="java.specification.version" value="1.8"/>
    <property name="idea.launcher.bin.path" value="C:\Program Files (x86)\JetBrains\IntelliJ IDEA 2016.3.4\bin"/>
    <property name="file.encoding" value="UTF-8"/>
    <property name="user.name" value="Аня"/>
    <property name="java.class.path" value="C:\Program Files (x86)\JetBrains\IntelliJ IDEA 2016.3.4\plugins\maven\lib\maven3\boot\plexus-classworlds-2.5.2.jar;C:\Program Files (x86)\JetBrains\IntelliJ IDEA 2016.3.4\lib\idea_rt.jar"/>
    <property name="java.vm.specification.version" value="1.8"/>
    <property name="sun.arch.data.model" value="32"/>
    <property name="java.home" value="C:\Program Files (x86)\Java\jdk1.8.0_20\jre"/>
    <property name="sun.java.command" value="com.intellij.rt.execution.application.AppMain org.codehaus.classworlds.Launcher -Didea.version=2016.3.4 clean test allure:report"/>
    <property name="java.specification.vendor" value="Oracle Corporation"/>
    <property name="user.language" value="ru"/>
    <property name="awt.toolkit" value="sun.awt.windows.WToolkit"/>
    <property name="java.vm.info" value="mixed mode, sharing"/>
    <property name="java.version" value="1.8.0_20"/>
    <property name="java.ext.dirs" value="C:\Program Files (x86)\Java\jdk1.8.0_20\jre\lib\ext;C:\Windows\Sun\Java\lib\ext"/>
    <property name="sun.boot.class.path" value="C:\Program Files (x86)\Java\jdk1.8.0_20\jre\lib\resources.jar;C:\Program Files (x86)\Java\jdk1.8.0_20\jre\lib\rt.jar;C:\Program Files (x86)\Java\jdk1.8.0_20\jre\lib\sunrsasign.jar;C:\Program Files (x86)\Java\jdk1.8.0_20\jre\lib\jsse.jar;C:\Program Files (x86)\Java\jdk1.8.0_20\jre\lib\jce.jar;C:\Program Files (x86)\Java\jdk1.8.0_20\jre\lib\charsets.jar;C:\Program Files (x86)\Java\jdk1.8.0_20\jre\lib\jfr.jar;C:\Program Files (x86)\Java\jdk1.8.0_20\jre\classes"/>
    <property name="java.vendor" value="Oracle Corporation"/>
    <property name="maven.home" value="C:\Program Files (x86)\JetBrains\IntelliJ IDEA 2016.3.4\plugins\maven\lib\maven3"/>
    <property name="file.separator" value="\"/>
    <property name="java.vendor.url.bug" value="http://bugreport.sun.com/bugreport/"/>
    <property name="sun.cpu.endian" value="little"/>
    <property name="sun.io.unicode.encoding" value="UnicodeLittle"/>
    <property name="sun.desktop" value="windows"/>
    <property name="sun.cpu.isalist" value="pentium_pro+mmx pentium_pro pentium+mmx pentium i486 i386 i86"/>
  </properties>
  <testcase name="сheckLenghtOfSkype" classname="edu.bsuir.test.candidate.TextFieldTest" time="35.161"/>
  <testcase name="сheckSpecialSymbolsAtAdditionalInfo" classname="edu.bsuir.test.candidate.TextFieldTest" time="34.215"/>
  <testcase name="сheckSkype" classname="edu.bsuir.test.candidate.TextFieldTest" time="37.7"/>
  <testcase name="сheckLastName" classname="edu.bsuir.test.candidate.TextFieldTest" time="41.961"/>
  <testcase name="сheckSpecialSymbolsAtDesiredPosition" classname="edu.bsuir.test.candidate.TextFieldTest" time="40.137">
    <failure type="java.lang.AssertionError">java.lang.AssertionError
	at edu.bsuir.test.candidate.TextFieldTest.сheckSpecialSymbolsAtDesiredPosition(TextFieldTest.java:338)
</failure>
    <system-err><![CDATA[Starting ChromeDriver 2.37.544315 (730aa6a5fdba159ac9f4c1e8cbc59bf1b5ce12b7) on port 36625
Only local connections are allowed.
апр 16, 2018 9:31:24 AM org.openqa.selenium.remote.ProtocolHandshake createSession
INFO: Detected dialect: OSS
]]></system-err>
  </testcase>
  <testcase name="сheckLenghtOfCity" classname="edu.bsuir.test.candidate.TextFieldTest" time="40.094">
    <failure type="java.lang.AssertionError">java.lang.AssertionError
	at edu.bsuir.test.candidate.TextFieldTest.сheckLenghtOfCity(TextFieldTest.java:298)
</failure>
    <system-err><![CDATA[Starting ChromeDriver 2.37.544315 (730aa6a5fdba159ac9f4c1e8cbc59bf1b5ce12b7) on port 45369
Only local connections are allowed.
апр 16, 2018 9:32:08 AM org.openqa.selenium.remote.ProtocolHandshake createSession
INFO: Detected dialect: OSS
]]></system-err>
  </testcase>
  <testcase name="сheckLenghtOfLastName" classname="edu.bsuir.test.candidate.TextFieldTest" time="49.67"/>
  <testcase name="сheckLenghtOfAdditionalInfo" classname="edu.bsuir.test.candidate.TextFieldTest" time="251.017">
    <error message="unknown error: Element &lt;div class=&quot;tc-theme-page-name&quot;&gt;...&lt;/div&gt; is not clickable at point (707, 18). Other element would receive the click: &lt;div id=&quot;heading&quot;&gt;...&lt;/div&gt;&#10;  (Session info: chrome=65.0.3325.181)&#10;  (Driver info: chromedriver=2.37.544315 (730aa6a5fdba159ac9f4c1e8cbc59bf1b5ce12b7),platform=Windows NT 6.3.9600 x86_64) (WARNING: The server did not provide any stacktrace information)&#10;Command duration or timeout: 0 milliseconds&#10;Build info: version: &apos;3.11.0&apos;, revision: &apos;e59cfb3&apos;, time: &apos;2018-03-11T20:26:55.152Z&apos;&#10;System info: host: &apos;ANYA&apos;, ip: &apos;192.168.229.1&apos;, os.name: &apos;Windows 8.1&apos;, os.arch: &apos;x86&apos;, os.version: &apos;6.3&apos;, java.version: &apos;1.8.0_20&apos;&#10;Driver info: org.openqa.selenium.chrome.ChromeDriver&#10;Capabilities {acceptInsecureCerts: false, acceptSslCerts: false, applicationCacheEnabled: false, browserConnectionEnabled: false, browserName: chrome, chrome: {chromedriverVersion: 2.37.544315 (730aa6a5fdba15..., userDataDir: C:\Users\0737~1\AppData\Loc...}, cssSelectorsEnabled: true, databaseEnabled: false, handlesAlerts: true, hasTouchScreen: false, javascriptEnabled: true, locationContextEnabled: true, mobileEmulationEnabled: false, nativeEvents: true, networkConnectionEnabled: false, pageLoadStrategy: normal, platform: XP, platformName: XP, rotatable: false, setWindowRect: true, takesHeapSnapshot: true, takesScreenshot: true, unexpectedAlertBehaviour: , unhandledPromptBehavior: , version: 65.0.3325.181, webStorageEnabled: true}&#10;Session ID: 030e4a1a19ba8277b8b952f293f76720" type="org.openqa.selenium.WebDriverException"><![CDATA[org.openqa.selenium.WebDriverException: 
unknown error: Element <div class="tc-theme-page-name">...</div> is not clickable at point (707, 18). Other element would receive the click: <div id="heading">...</div>
  (Session info: chrome=65.0.3325.181)
  (Driver info: chromedriver=2.37.544315 (730aa6a5fdba159ac9f4c1e8cbc59bf1b5ce12b7),platform=Windows NT 6.3.9600 x86_64) (WARNING: The server did not provide any stacktrace information)
Command duration or timeout: 0 milliseconds
Build info: version: '3.11.0', revision: 'e59cfb3', time: '2018-03-11T20:26:55.152Z'
System info: host: 'ANYA', ip: '192.168.229.1', os.name: 'Windows 8.1', os.arch: 'x86', os.version: '6.3', java.version: '1.8.0_20'
Driver info: org.openqa.selenium.chrome.ChromeDriver
Capabilities {acceptInsecureCerts: false, acceptSslCerts: false, applicationCacheEnabled: false, browserConnectionEnabled: false, browserName: chrome, chrome: {chromedriverVersion: 2.37.544315 (730aa6a5fdba15..., userDataDir: C:\Users\0737~1\AppData\Loc...}, cssSelectorsEnabled: true, databaseEnabled: false, handlesAlerts: true, hasTouchScreen: false, javascriptEnabled: true, locationContextEnabled: true, mobileEmulationEnabled: false, nativeEvents: true, networkConnectionEnabled: false, pageLoadStrategy: normal, platform: XP, platformName: XP, rotatable: false, setWindowRect: true, takesHeapSnapshot: true, takesScreenshot: true, unexpectedAlertBehaviour: , unhandledPromptBehavior: , version: 65.0.3325.181, webStorageEnabled: true}
Session ID: 030e4a1a19ba8277b8b952f293f76720
	at edu.bsuir.test.candidate.TextFieldTest.сheckLenghtOfAdditionalInfo(TextFieldTest.java:402)
]]></error>
    <system-err><![CDATA[Starting ChromeDriver 2.37.544315 (730aa6a5fdba159ac9f4c1e8cbc59bf1b5ce12b7) on port 35455
Only local connections are allowed.
апр 16, 2018 9:33:45 AM org.openqa.selenium.remote.ProtocolHandshake createSession
INFO: Detected dialect: OSS
]]></system-err>
  </testcase>
  <testcase name="сheckSpecificSymbolsAtLastName" classname="edu.bsuir.test.candidate.TextFieldTest" time="39.617"/>
  <testcase name="сheckSpecificSymbolsAtSkype" classname="edu.bsuir.test.candidate.TextFieldTest" time="37.69"/>
  <testcase name="сheckSecondName" classname="edu.bsuir.test.candidate.TextFieldTest" time="38.863"/>
  <testcase name="сheckNumberAtCountry" classname="edu.bsuir.test.candidate.TextFieldTest" time="26.375"/>
  <testcase name="сheckAdditionalInfo" classname="edu.bsuir.test.candidate.TextFieldTest" time="36.921"/>
  <testcase name="сheckFirstName" classname="edu.bsuir.test.candidate.TextFieldTest" time="37.034"/>
  <testcase name="сheckCountry" classname="edu.bsuir.test.candidate.TextFieldTest" time="36.432"/>
  <testcase name="сheckDesiredPosition" classname="edu.bsuir.test.candidate.TextFieldTest" time="37.617"/>
  <testcase name="сheckLenghtOfFirstName" classname="edu.bsuir.test.candidate.TextFieldTest" time="83.898"/>
  <testcase name="сheckLenghtOfDesiredPosition" classname="edu.bsuir.test.candidate.TextFieldTest" time="28.952">
    <failure type="java.lang.AssertionError">java.lang.AssertionError
	at edu.bsuir.test.candidate.TextFieldTest.сheckLenghtOfDesiredPosition(TextFieldTest.java:351)
</failure>
    <system-err><![CDATA[Starting ChromeDriver 2.37.544315 (730aa6a5fdba159ac9f4c1e8cbc59bf1b5ce12b7) on port 13169
Only local connections are allowed.
апр 16, 2018 9:44:51 AM org.openqa.selenium.remote.ProtocolHandshake createSession
INFO: Detected dialect: OSS
]]></system-err>
  </testcase>
  <testcase name="сheckLenghtOfSecondName" classname="edu.bsuir.test.candidate.TextFieldTest" time="45.003"/>
  <testcase name="сheckSpecialSymbolsAtCity" classname="edu.bsuir.test.candidate.TextFieldTest" time="38.476">
    <failure type="java.lang.AssertionError">java.lang.AssertionError
	at edu.bsuir.test.candidate.TextFieldTest.сheckSpecialSymbolsAtCity(TextFieldTest.java:285)
</failure>
    <system-err><![CDATA[Starting ChromeDriver 2.37.544315 (730aa6a5fdba159ac9f4c1e8cbc59bf1b5ce12b7) on port 13764
Only local connections are allowed.
апр 16, 2018 9:46:12 AM org.openqa.selenium.remote.ProtocolHandshake createSession
INFO: Detected dialect: OSS
]]></system-err>
  </testcase>
  <testcase name="сheckSpecificSymbolsAtSecondName" classname="edu.bsuir.test.candidate.TextFieldTest" time="36.419"/>
  <testcase name="сheckSpecificSymbolsAtFirstName" classname="edu.bsuir.test.candidate.TextFieldTest" time="37.769"/>
  <testcase name="сheckLenghtOfCountry" classname="edu.bsuir.test.candidate.TextFieldTest" time="35.362"/>
  <testcase name="сheckNumberAtAdditionalInfo" classname="edu.bsuir.test.candidate.TextFieldTest" time="36.751"/>
  <testcase name="сheckSpecificSymbolsAtCountry" classname="edu.bsuir.test.candidate.TextFieldTest" time="25.467"/>
  <testcase name="сheckNumberAtCity" classname="edu.bsuir.test.candidate.TextFieldTest" time="39.657">
    <failure type="java.lang.AssertionError">java.lang.AssertionError
	at edu.bsuir.test.candidate.TextFieldTest.сheckNumberAtCity(TextFieldTest.java:272)
</failure>
    <system-err><![CDATA[Starting ChromeDriver 2.37.544315 (730aa6a5fdba159ac9f4c1e8cbc59bf1b5ce12b7) on port 24718
Only local connections are allowed.
апр 16, 2018 9:50:00 AM org.openqa.selenium.remote.ProtocolHandshake createSession
INFO: Detected dialect: OSS
]]></system-err>
  </testcase>
  <testcase name="сheckNumberAtDesiredPosition" classname="edu.bsuir.test.candidate.TextFieldTest" time="40.75">
    <failure type="java.lang.AssertionError">java.lang.AssertionError
	at edu.bsuir.test.candidate.TextFieldTest.сheckNumberAtDesiredPosition(TextFieldTest.java:325)
</failure>
    <system-err><![CDATA[Starting ChromeDriver 2.37.544315 (730aa6a5fdba159ac9f4c1e8cbc59bf1b5ce12b7) on port 4596
Only local connections are allowed.
апр 16, 2018 9:50:42 AM org.openqa.selenium.remote.ProtocolHandshake createSession
INFO: Detected dialect: OSS
]]></system-err>
  </testcase>
  <testcase name="сheckCity" classname="edu.bsuir.test.candidate.TextFieldTest" time="62.479"/>
</testsuite>